<?xml version="1.0" encoding="UTF-8"?>
<robot generator="Robot 5.0.1 (Python 3.10.4 on win32)" generated="20221218 13:17:18.314" rpa="false" schemaversion="3">
<suite id="s1" name="Login" source="c:\Users\Joaof\Smartex\web_challenge\tests\login.robot">
<test id="s1-t1" name="Scenario: Access Ultimate QA page" line="11">
<kw name="Start Session" library="base" type="SETUP">
<kw name="Set Browser Timeout" library="Browser">
<arg>3m</arg>
<tag>Config</tag>
<tag>Setter</tag>
<doc>Sets the timeout used by most input and getter keywords.</doc>
<status status="PASS" starttime="20221218 13:17:19.022" endtime="20221218 13:17:19.027"/>
</kw>
<kw name="New Browser" library="Browser">
<arg>chromium</arg>
<arg>false</arg>
<tag>BrowserControl</tag>
<tag>Setter</tag>
<doc>Create a new playwright Browser with specified options.</doc>
<msg timestamp="20221218 13:17:19.028" level="INFO">{"browser": "chromium", "headless": false, "devtools": false, "handleSIGHUP": true, "handleSIGINT": true, "handleSIGTERM": true, "slowMo": 0.0, "timeout": 30000.0, "deprecated_pos_args": [], "tracesDir": "C:\\Users\\Joaof\\Smartex\\web_challenge\\browser\\traces\\931e13e9-56d7-4ed5-930e-7954785de7c2"}</msg>
<msg timestamp="20221218 13:17:19.328" level="INFO">Successfully created browser with options: {"browser":"chromium","headless":false,"devtools":false,"handleSIGHUP":true,"handleSIGINT":true,"handleSIGTERM":true,"slowMo":0,"timeout":30000,"deprecated_pos_args":[],"tracesDir":"C:\\Users\\Joaof\\Smartex\\web_challenge\\browser\\traces\\931e13e9-56d7-4ed5-930e-7954785de7c2"}</msg>
<status status="PASS" starttime="20221218 13:17:19.027" endtime="20221218 13:17:19.329"/>
</kw>
<kw name="New Page" library="Browser">
<arg>https://courses.ultimateqa.com/users/sign_in</arg>
<tag>BrowserControl</tag>
<tag>Setter</tag>
<doc>Open a new Page.</doc>
<msg timestamp="20221218 13:17:21.233" level="INFO">Successfully initialized new page object and opened url: https://courses.ultimateqa.com/users/sign_in</msg>
<msg timestamp="20221218 13:17:21.233" level="INFO">No context was open. New context was automatically opened when this page is created.</msg>
<status status="PASS" starttime="20221218 13:17:19.329" endtime="20221218 13:17:21.233"/>
</kw>
<status status="PASS" starttime="20221218 13:17:19.022" endtime="20221218 13:17:21.234"/>
</kw>
<kw name="Then shows up a welcome message" library="actions_login">
<kw name="Avoid Timeout Error" library="base">
<arg>xpath=//h2[contains(text(),'Welcome Back!')]</arg>
<kw name="Wait For Elements State" library="Browser">
<arg>${element}</arg>
<arg>visible</arg>
<arg>timeout=180 s</arg>
<tag>PageContent</tag>
<tag>Wait</tag>
<doc>Waits for the element found by ``selector`` to satisfy state option.</doc>
<msg timestamp="20221218 13:17:21.258" level="INFO">Waited for Element with selector xpath=//h2[contains(text(),'Welcome Back!')] at state visible</msg>
<status status="PASS" starttime="20221218 13:17:21.235" endtime="20221218 13:17:21.258"/>
</kw>
<status status="PASS" starttime="20221218 13:17:21.235" endtime="20221218 13:17:21.258"/>
</kw>
<status status="PASS" starttime="20221218 13:17:21.234" endtime="20221218 13:17:21.258"/>
</kw>
<status status="PASS" starttime="20221218 13:17:19.020" endtime="20221218 13:17:21.259"/>
</test>
<test id="s1-t2" name="Scenario: Create a new account in Ultimate QA page" line="14">
<kw name="Start Session" library="base" type="SETUP">
<kw name="Set Browser Timeout" library="Browser">
<arg>3m</arg>
<tag>Config</tag>
<tag>Setter</tag>
<doc>Sets the timeout used by most input and getter keywords.</doc>
<msg timestamp="20221218 13:17:21.329" level="INFO">No context open.</msg>
<status status="PASS" starttime="20221218 13:17:21.327" endtime="20221218 13:17:21.329"/>
</kw>
<kw name="New Browser" library="Browser">
<arg>chromium</arg>
<arg>false</arg>
<tag>BrowserControl</tag>
<tag>Setter</tag>
<doc>Create a new playwright Browser with specified options.</doc>
<msg timestamp="20221218 13:17:21.330" level="INFO">{"browser": "chromium", "headless": false, "devtools": false, "handleSIGHUP": true, "handleSIGINT": true, "handleSIGTERM": true, "slowMo": 0.0, "timeout": 30000.0, "deprecated_pos_args": [], "tracesDir": "C:\\Users\\Joaof\\Smartex\\web_challenge\\browser\\traces\\ed8faa54-4d45-4c8d-8fef-792fa57081b6"}</msg>
<msg timestamp="20221218 13:17:21.610" level="INFO">Successfully created browser with options: {"browser":"chromium","headless":false,"devtools":false,"handleSIGHUP":true,"handleSIGINT":true,"handleSIGTERM":true,"slowMo":0,"timeout":30000,"deprecated_pos_args":[],"tracesDir":"C:\\Users\\Joaof\\Smartex\\web_challenge\\browser\\traces\\ed8faa54-4d45-4c8d-8fef-792fa57081b6"}</msg>
<status status="PASS" starttime="20221218 13:17:21.330" endtime="20221218 13:17:21.610"/>
</kw>
<kw name="New Page" library="Browser">
<arg>https://courses.ultimateqa.com/users/sign_in</arg>
<tag>BrowserControl</tag>
<tag>Setter</tag>
<doc>Open a new Page.</doc>
<msg timestamp="20221218 13:17:23.594" level="INFO">Successfully initialized new page object and opened url: https://courses.ultimateqa.com/users/sign_in</msg>
<msg timestamp="20221218 13:17:23.595" level="INFO">No context was open. New context was automatically opened when this page is created.</msg>
<status status="PASS" starttime="20221218 13:17:21.611" endtime="20221218 13:17:23.595"/>
</kw>
<status status="PASS" starttime="20221218 13:17:21.327" endtime="20221218 13:17:23.595"/>
</kw>
<kw name="When I click in the Create a new account button" library="actions_login">
<kw name="Click" library="Browser">
<arg>xpath=//a[contains(text(),'Create a new account')]</arg>
<tag>PageContent</tag>
<tag>Setter</tag>
<doc>Simulates mouse click on the element found by ``selector``.</doc>
<status status="PASS" starttime="20221218 13:17:23.596" endtime="20221218 13:17:24.093"/>
</kw>
<status status="PASS" starttime="20221218 13:17:23.596" endtime="20221218 13:17:24.093"/>
</kw>
<kw name="And I fill out the form" library="actions_login">
<kw name="Generate Random String" library="String">
<var>${EMAIL}</var>
<arg>6</arg>
<arg>[LOWER]</arg>
<doc>Generates a string with a desired ``length`` from the given ``chars``.</doc>
<msg timestamp="20221218 13:17:24.095" level="INFO">${EMAIL} = blfvuu</msg>
<status status="PASS" starttime="20221218 13:17:24.094" endtime="20221218 13:17:24.095"/>
</kw>
<kw name="Generate Random String" library="String">
<var>${PASSWORD}</var>
<arg>8</arg>
<arg>[LOWER]</arg>
<doc>Generates a string with a desired ``length`` from the given ``chars``.</doc>
<msg timestamp="20221218 13:17:24.096" level="INFO">${PASSWORD} = dvacdtmn</msg>
<status status="PASS" starttime="20221218 13:17:24.095" endtime="20221218 13:17:24.096"/>
</kw>
<kw name="Set Global Variable" library="BuiltIn">
<arg>${EMAIL}</arg>
<doc>Makes a variable available globally in all tests and suites.</doc>
<msg timestamp="20221218 13:17:24.097" level="INFO">${EMAIL} = blfvuu</msg>
<status status="PASS" starttime="20221218 13:17:24.097" endtime="20221218 13:17:24.097"/>
</kw>
<kw name="Set Global Variable" library="BuiltIn">
<arg>${PASSWORD}</arg>
<doc>Makes a variable available globally in all tests and suites.</doc>
<msg timestamp="20221218 13:17:24.098" level="INFO">${PASSWORD} = dvacdtmn</msg>
<status status="PASS" starttime="20221218 13:17:24.098" endtime="20221218 13:17:24.098"/>
</kw>
<kw name="Fill Text" library="Browser">
<arg>id=user[first_name]</arg>
<arg>First Name Test</arg>
<tag>PageContent</tag>
<tag>Setter</tag>
<doc>Clears and fills the given ``txt`` into the text field found by ``selector``.</doc>
<msg timestamp="20221218 13:17:24.099" level="INFO">Fills the text 'First Name Test' in the given field.</msg>
<status status="PASS" starttime="20221218 13:17:24.098" endtime="20221218 13:17:24.325"/>
</kw>
<kw name="Fill Text" library="Browser">
<arg>id=user[last_name]</arg>
<arg>Last Name Test</arg>
<tag>PageContent</tag>
<tag>Setter</tag>
<doc>Clears and fills the given ``txt`` into the text field found by ``selector``.</doc>
<msg timestamp="20221218 13:17:24.327" level="INFO">Fills the text 'Last Name Test' in the given field.</msg>
<status status="PASS" starttime="20221218 13:17:24.326" endtime="20221218 13:17:24.368"/>
</kw>
<kw name="Fill Text" library="Browser">
<arg>id=user[email]</arg>
<arg>${email}@gmail.com</arg>
<tag>PageContent</tag>
<tag>Setter</tag>
<doc>Clears and fills the given ``txt`` into the text field found by ``selector``.</doc>
<msg timestamp="20221218 13:17:24.370" level="INFO">Fills the text 'blfvuu@gmail.com' in the given field.</msg>
<status status="PASS" starttime="20221218 13:17:24.369" endtime="20221218 13:17:24.393"/>
</kw>
<kw name="Fill Text" library="Browser">
<arg>id=user[password]</arg>
<arg>${PASSWORD}</arg>
<tag>PageContent</tag>
<tag>Setter</tag>
<doc>Clears and fills the given ``txt`` into the text field found by ``selector``.</doc>
<msg timestamp="20221218 13:17:24.394" level="INFO">Fills the text 'dvacdtmn' in the given field.</msg>
<status status="PASS" starttime="20221218 13:17:24.394" endtime="20221218 13:17:24.407"/>
</kw>
<kw name="Click" library="Browser">
<arg>id=user[terms]</arg>
<tag>PageContent</tag>
<tag>Setter</tag>
<doc>Simulates mouse click on the element found by ``selector``.</doc>
<status status="PASS" starttime="20221218 13:17:24.408" endtime="20221218 13:17:24.481"/>
</kw>
<status status="PASS" starttime="20221218 13:17:24.094" endtime="20221218 13:17:24.482"/>
</kw>
<kw name="And I click on Sign Up button" library="actions_login">
<kw name="Click" library="Browser">
<arg>xpath=//button[contains(text(),'Sign up')]</arg>
<tag>PageContent</tag>
<tag>Setter</tag>
<doc>Simulates mouse click on the element found by ``selector``.</doc>
<status status="PASS" starttime="20221218 13:17:24.483" endtime="20221218 13:17:24.575"/>
</kw>
<status status="PASS" starttime="20221218 13:17:24.483" endtime="20221218 13:17:24.576"/>
</kw>
<kw name="Then The system enters the successfully logged in page" library="actions_login">
<kw name="Avoid Timeout Error" library="base">
<arg>xpath=//h2[contains(text(),'Products')]</arg>
<kw name="Wait For Elements State" library="Browser">
<arg>${element}</arg>
<arg>visible</arg>
<arg>timeout=180 s</arg>
<tag>PageContent</tag>
<tag>Wait</tag>
<doc>Waits for the element found by ``selector`` to satisfy state option.</doc>
<msg timestamp="20221218 13:17:25.857" level="INFO">Waited for Element with selector xpath=//h2[contains(text(),'Products')] at state visible</msg>
<status status="PASS" starttime="20221218 13:17:24.578" endtime="20221218 13:17:25.858"/>
</kw>
<status status="PASS" starttime="20221218 13:17:24.577" endtime="20221218 13:17:25.859"/>
</kw>
<status status="PASS" starttime="20221218 13:17:24.577" endtime="20221218 13:17:25.859"/>
</kw>
<status status="PASS" starttime="20221218 13:17:21.324" endtime="20221218 13:17:25.860"/>
</test>
<test id="s1-t3" name="Scenario: Login with the newly created account" line="20">
<kw name="Start Session" library="base" type="SETUP">
<kw name="Set Browser Timeout" library="Browser">
<arg>3m</arg>
<tag>Config</tag>
<tag>Setter</tag>
<doc>Sets the timeout used by most input and getter keywords.</doc>
<msg timestamp="20221218 13:17:25.968" level="INFO">No context open.</msg>
<status status="PASS" starttime="20221218 13:17:25.967" endtime="20221218 13:17:25.969"/>
</kw>
<kw name="New Browser" library="Browser">
<arg>chromium</arg>
<arg>false</arg>
<tag>BrowserControl</tag>
<tag>Setter</tag>
<doc>Create a new playwright Browser with specified options.</doc>
<msg timestamp="20221218 13:17:25.970" level="INFO">{"browser": "chromium", "headless": false, "devtools": false, "handleSIGHUP": true, "handleSIGINT": true, "handleSIGTERM": true, "slowMo": 0.0, "timeout": 30000.0, "deprecated_pos_args": [], "tracesDir": "C:\\Users\\Joaof\\Smartex\\web_challenge\\browser\\traces\\0dd6523c-fede-4a41-a9e4-daa24281829c"}</msg>
<msg timestamp="20221218 13:17:26.240" level="INFO">Successfully created browser with options: {"browser":"chromium","headless":false,"devtools":false,"handleSIGHUP":true,"handleSIGINT":true,"handleSIGTERM":true,"slowMo":0,"timeout":30000,"deprecated_pos_args":[],"tracesDir":"C:\\Users\\Joaof\\Smartex\\web_challenge\\browser\\traces\\0dd6523c-fede-4a41-a9e4-daa24281829c"}</msg>
<status status="PASS" starttime="20221218 13:17:25.969" endtime="20221218 13:17:26.240"/>
</kw>
<kw name="New Page" library="Browser">
<arg>https://courses.ultimateqa.com/users/sign_in</arg>
<tag>BrowserControl</tag>
<tag>Setter</tag>
<doc>Open a new Page.</doc>
<msg timestamp="20221218 13:17:27.873" level="INFO">Successfully initialized new page object and opened url: https://courses.ultimateqa.com/users/sign_in</msg>
<msg timestamp="20221218 13:17:27.874" level="INFO">No context was open. New context was automatically opened when this page is created.</msg>
<status status="PASS" starttime="20221218 13:17:26.241" endtime="20221218 13:17:27.874"/>
</kw>
<status status="PASS" starttime="20221218 13:17:25.967" endtime="20221218 13:17:27.874"/>
</kw>
<kw name="When I login" library="actions_login">
<kw name="Fill Text" library="Browser">
<arg>id=user[email]</arg>
<arg>${EMAIL}@gmail.com</arg>
<tag>PageContent</tag>
<tag>Setter</tag>
<doc>Clears and fills the given ``txt`` into the text field found by ``selector``.</doc>
<msg timestamp="20221218 13:17:27.875" level="INFO">Fills the text 'blfvuu@gmail.com' in the given field.</msg>
<status status="PASS" starttime="20221218 13:17:27.875" endtime="20221218 13:17:27.902"/>
</kw>
<kw name="Fill Text" library="Browser">
<arg>id=user[password]</arg>
<arg>${PASSWORD}</arg>
<tag>PageContent</tag>
<tag>Setter</tag>
<doc>Clears and fills the given ``txt`` into the text field found by ``selector``.</doc>
<msg timestamp="20221218 13:17:27.903" level="INFO">Fills the text 'dvacdtmn' in the given field.</msg>
<status status="PASS" starttime="20221218 13:17:27.902" endtime="20221218 13:17:27.919"/>
</kw>
<kw name="Click" library="Browser">
<arg>xpath=//button[contains(text(),'Sign in')]</arg>
<tag>PageContent</tag>
<tag>Setter</tag>
<doc>Simulates mouse click on the element found by ``selector``.</doc>
<status status="PASS" starttime="20221218 13:17:27.919" endtime="20221218 13:17:27.967"/>
</kw>
<status status="PASS" starttime="20221218 13:17:27.875" endtime="20221218 13:17:27.967"/>
</kw>
<kw name="Then The system enters the successfully logged in page" library="actions_login">
<kw name="Avoid Timeout Error" library="base">
<arg>xpath=//h2[contains(text(),'Products')]</arg>
<kw name="Wait For Elements State" library="Browser">
<arg>${element}</arg>
<arg>visible</arg>
<arg>timeout=180 s</arg>
<tag>PageContent</tag>
<tag>Wait</tag>
<doc>Waits for the element found by ``selector`` to satisfy state option.</doc>
<msg timestamp="20221218 13:17:42.864" level="INFO">Waited for Element with selector xpath=//h2[contains(text(),'Products')] at state visible</msg>
<status status="PASS" starttime="20221218 13:17:27.969" endtime="20221218 13:17:42.865"/>
</kw>
<status status="PASS" starttime="20221218 13:17:27.969" endtime="20221218 13:17:42.865"/>
</kw>
<status status="PASS" starttime="20221218 13:17:27.968" endtime="20221218 13:17:42.865"/>
</kw>
<status status="PASS" starttime="20221218 13:17:25.964" endtime="20221218 13:17:42.866"/>
</test>
<test id="s1-t4" name="Scenario: Login with blank fields" line="24">
<kw name="Start Session" library="base" type="SETUP">
<kw name="Set Browser Timeout" library="Browser">
<arg>3m</arg>
<tag>Config</tag>
<tag>Setter</tag>
<doc>Sets the timeout used by most input and getter keywords.</doc>
<msg timestamp="20221218 13:17:43.052" level="INFO">No context open.</msg>
<status status="PASS" starttime="20221218 13:17:43.050" endtime="20221218 13:17:43.052"/>
</kw>
<kw name="New Browser" library="Browser">
<arg>chromium</arg>
<arg>false</arg>
<tag>BrowserControl</tag>
<tag>Setter</tag>
<doc>Create a new playwright Browser with specified options.</doc>
<msg timestamp="20221218 13:17:43.054" level="INFO">{"browser": "chromium", "headless": false, "devtools": false, "handleSIGHUP": true, "handleSIGINT": true, "handleSIGTERM": true, "slowMo": 0.0, "timeout": 30000.0, "deprecated_pos_args": [], "tracesDir": "C:\\Users\\Joaof\\Smartex\\web_challenge\\browser\\traces\\51c8780e-3038-4418-8e80-db67aeea2ab2"}</msg>
<msg timestamp="20221218 13:17:43.357" level="INFO">Successfully created browser with options: {"browser":"chromium","headless":false,"devtools":false,"handleSIGHUP":true,"handleSIGINT":true,"handleSIGTERM":true,"slowMo":0,"timeout":30000,"deprecated_pos_args":[],"tracesDir":"C:\\Users\\Joaof\\Smartex\\web_challenge\\browser\\traces\\51c8780e-3038-4418-8e80-db67aeea2ab2"}</msg>
<status status="PASS" starttime="20221218 13:17:43.053" endtime="20221218 13:17:43.357"/>
</kw>
<kw name="New Page" library="Browser">
<arg>https://courses.ultimateqa.com/users/sign_in</arg>
<tag>BrowserControl</tag>
<tag>Setter</tag>
<doc>Open a new Page.</doc>
<msg timestamp="20221218 13:17:44.913" level="INFO">Successfully initialized new page object and opened url: https://courses.ultimateqa.com/users/sign_in</msg>
<msg timestamp="20221218 13:17:44.913" level="INFO">No context was open. New context was automatically opened when this page is created.</msg>
<status status="PASS" starttime="20221218 13:17:43.358" endtime="20221218 13:17:44.913"/>
</kw>
<status status="PASS" starttime="20221218 13:17:43.050" endtime="20221218 13:17:44.913"/>
</kw>
<kw name="When I login with blank fields" library="actions_login">
<kw name="Fill Text" library="Browser">
<arg>id=user[email]</arg>
<arg>${EMPTY}</arg>
<tag>PageContent</tag>
<tag>Setter</tag>
<doc>Clears and fills the given ``txt`` into the text field found by ``selector``.</doc>
<msg timestamp="20221218 13:17:44.915" level="INFO">Fills the text '' in the given field.</msg>
<status status="PASS" starttime="20221218 13:17:44.915" endtime="20221218 13:17:44.944"/>
</kw>
<kw name="Fill Text" library="Browser">
<arg>id=user[password]</arg>
<arg>${PASSWORD}</arg>
<tag>PageContent</tag>
<tag>Setter</tag>
<doc>Clears and fills the given ``txt`` into the text field found by ``selector``.</doc>
<msg timestamp="20221218 13:17:44.945" level="INFO">Fills the text 'dvacdtmn' in the given field.</msg>
<status status="PASS" starttime="20221218 13:17:44.944" endtime="20221218 13:17:44.964"/>
</kw>
<kw name="Click" library="Browser">
<arg>xpath=//button[contains(text(),'Sign in')]</arg>
<tag>PageContent</tag>
<tag>Setter</tag>
<doc>Simulates mouse click on the element found by ``selector``.</doc>
<status status="PASS" starttime="20221218 13:17:44.965" endtime="20221218 13:17:45.017"/>
</kw>
<status status="PASS" starttime="20221218 13:17:44.914" endtime="20221218 13:17:45.018"/>
</kw>
<kw name="Then The system generates a error login message" library="actions_login">
<kw name="Avoid Timeout Error" library="base">
<arg>xpath=//li[contains(text(),'Invalid email or password.')]</arg>
<kw name="Wait For Elements State" library="Browser">
<arg>${element}</arg>
<arg>visible</arg>
<arg>timeout=180 s</arg>
<tag>PageContent</tag>
<tag>Wait</tag>
<doc>Waits for the element found by ``selector`` to satisfy state option.</doc>
<msg timestamp="20221218 13:17:45.705" level="INFO">Waited for Element with selector xpath=//li[contains(text(),'Invalid email or password.')] at state visible</msg>
<status status="PASS" starttime="20221218 13:17:45.019" endtime="20221218 13:17:45.705"/>
</kw>
<status status="PASS" starttime="20221218 13:17:45.019" endtime="20221218 13:17:45.706"/>
</kw>
<status status="PASS" starttime="20221218 13:17:45.018" endtime="20221218 13:17:45.706"/>
</kw>
<status status="PASS" starttime="20221218 13:17:43.045" endtime="20221218 13:17:45.707"/>
</test>
<test id="s1-t5" name="Scenario: Login with invalid fields" line="28">
<kw name="Start Session" library="base" type="SETUP">
<kw name="Set Browser Timeout" library="Browser">
<arg>3m</arg>
<tag>Config</tag>
<tag>Setter</tag>
<doc>Sets the timeout used by most input and getter keywords.</doc>
<msg timestamp="20221218 13:17:45.779" level="INFO">No context open.</msg>
<status status="PASS" starttime="20221218 13:17:45.777" endtime="20221218 13:17:45.780"/>
</kw>
<kw name="New Browser" library="Browser">
<arg>chromium</arg>
<arg>false</arg>
<tag>BrowserControl</tag>
<tag>Setter</tag>
<doc>Create a new playwright Browser with specified options.</doc>
<msg timestamp="20221218 13:17:45.781" level="INFO">{"browser": "chromium", "headless": false, "devtools": false, "handleSIGHUP": true, "handleSIGINT": true, "handleSIGTERM": true, "slowMo": 0.0, "timeout": 30000.0, "deprecated_pos_args": [], "tracesDir": "C:\\Users\\Joaof\\Smartex\\web_challenge\\browser\\traces\\c173c244-e2e2-4e0c-bd4b-f12cac1f7e7d"}</msg>
<msg timestamp="20221218 13:17:46.060" level="INFO">Successfully created browser with options: {"browser":"chromium","headless":false,"devtools":false,"handleSIGHUP":true,"handleSIGINT":true,"handleSIGTERM":true,"slowMo":0,"timeout":30000,"deprecated_pos_args":[],"tracesDir":"C:\\Users\\Joaof\\Smartex\\web_challenge\\browser\\traces\\c173c244-e2e2-4e0c-bd4b-f12cac1f7e7d"}</msg>
<status status="PASS" starttime="20221218 13:17:45.780" endtime="20221218 13:17:46.061"/>
</kw>
<kw name="New Page" library="Browser">
<arg>https://courses.ultimateqa.com/users/sign_in</arg>
<tag>BrowserControl</tag>
<tag>Setter</tag>
<doc>Open a new Page.</doc>
<msg timestamp="20221218 13:17:48.254" level="INFO">Successfully initialized new page object and opened url: https://courses.ultimateqa.com/users/sign_in</msg>
<msg timestamp="20221218 13:17:48.254" level="INFO">No context was open. New context was automatically opened when this page is created.</msg>
<status status="PASS" starttime="20221218 13:17:46.062" endtime="20221218 13:17:48.254"/>
</kw>
<status status="PASS" starttime="20221218 13:17:45.777" endtime="20221218 13:17:48.255"/>
</kw>
<kw name="When I login with invalid fields" library="actions_login">
<kw name="Fill Text" library="Browser">
<arg>id=user[email]</arg>
<arg>newemail</arg>
<tag>PageContent</tag>
<tag>Setter</tag>
<doc>Clears and fills the given ``txt`` into the text field found by ``selector``.</doc>
<msg timestamp="20221218 13:17:48.256" level="INFO">Fills the text 'newemail' in the given field.</msg>
<status status="PASS" starttime="20221218 13:17:48.256" endtime="20221218 13:17:48.283"/>
</kw>
<kw name="Fill Text" library="Browser">
<arg>id=user[password]</arg>
<arg>${PASSWORD}</arg>
<tag>PageContent</tag>
<tag>Setter</tag>
<doc>Clears and fills the given ``txt`` into the text field found by ``selector``.</doc>
<msg timestamp="20221218 13:17:48.284" level="INFO">Fills the text 'dvacdtmn' in the given field.</msg>
<status status="PASS" starttime="20221218 13:17:48.284" endtime="20221218 13:17:48.301"/>
</kw>
<kw name="Click" library="Browser">
<arg>xpath=//button[contains(text(),'Sign in')]</arg>
<tag>PageContent</tag>
<tag>Setter</tag>
<doc>Simulates mouse click on the element found by ``selector``.</doc>
<status status="PASS" starttime="20221218 13:17:48.302" endtime="20221218 13:17:48.351"/>
</kw>
<status status="PASS" starttime="20221218 13:17:48.255" endtime="20221218 13:17:48.351"/>
</kw>
<kw name="Then The system generates a error login message" library="actions_login">
<kw name="Avoid Timeout Error" library="base">
<arg>xpath=//li[contains(text(),'Invalid email or password.')]</arg>
<kw name="Wait For Elements State" library="Browser">
<arg>${element}</arg>
<arg>visible</arg>
<arg>timeout=180 s</arg>
<tag>PageContent</tag>
<tag>Wait</tag>
<doc>Waits for the element found by ``selector`` to satisfy state option.</doc>
<msg timestamp="20221218 13:17:49.029" level="INFO">Waited for Element with selector xpath=//li[contains(text(),'Invalid email or password.')] at state visible</msg>
<status status="PASS" starttime="20221218 13:17:48.353" endtime="20221218 13:17:49.030"/>
</kw>
<status status="PASS" starttime="20221218 13:17:48.352" endtime="20221218 13:17:49.030"/>
</kw>
<status status="PASS" starttime="20221218 13:17:48.352" endtime="20221218 13:17:49.031"/>
</kw>
<status status="PASS" starttime="20221218 13:17:45.774" endtime="20221218 13:17:49.031"/>
</test>
<doc>Arquivo feature para testes de cadastro e login na maquina de Ultimate QA</doc>
<status status="PASS" starttime="20221218 13:17:18.318" endtime="20221218 13:17:49.107"/>
</suite>
<statistics>
<total>
<stat pass="5" fail="0" skip="0">All Tests</stat>
</total>
<tag>
</tag>
<suite>
<stat pass="5" fail="0" skip="0" id="s1" name="Login">Login</stat>
</suite>
</statistics>
<errors>
</errors>
</robot>
