<?xml version="1.0" encoding="UTF-8"?>
<robot generator="Robot 5.0.1 (Python 3.10.4 on win32)" generated="20221218 19:22:40.941" rpa="false" schemaversion="3">
<suite id="s1" name="Mobile Challenge" source="C:\Users\Joaof\Smartex\mobile_challenge">
<suite id="s1-s1" name="Features" source="C:\Users\Joaof\Smartex\mobile_challenge\features">
<suite id="s1-s1-s1" name="ProductApp" source="C:\Users\Joaof\Smartex\mobile_challenge\features\ProductApp.robot">
<test id="s1-s1-s1-t1" name="Scenario: Access Ultimate QA page" line="11">
<kw name="Open Test Application" library="base" type="SETUP">
<kw name="Open Application" library="AppiumLibrary">
<arg>http://localhost:4723/wd/hub</arg>
<arg>platformName=Android</arg>
<arg>deviceName=emulator-5554</arg>
<arg>appPackage=br.com.pztec.estoque</arg>
<arg>appActivity=br.com.pztec.estoque.Inicio</arg>
<arg>automationName=Uiautomator2</arg>
<doc>Opens a new application to given Appium server.
Capabilities of appium server, Android and iOS,
Please check https://github.com/appium/appium/blob/master/docs/en/writing-running-appium/server-args.md
| *Option*            | *Man.* | *Description*     |
| remote_url          | Yes    | Appium server url |
| alias               | no     | alias             |
| strict_ssl          | No     | allows you to send commands to an invalid certificate host like a self-signed one. |</doc>
<status status="PASS" starttime="20221218 19:22:41.128" endtime="20221218 19:22:49.323"/>
</kw>
<kw name="Wait Until Element Is Visible" library="AppiumLibrary">
<arg>id=com.android.permissioncontroller:id/permission_allow_foreground_only_button</arg>
<doc>Waits until element specified with `locator` is visible.</doc>
<msg timestamp="20221218 19:22:52.435" level="INFO">criteria is com.android.permissioncontroller:id/permission_allow_foreground_only_button
criteria is com.android.permissioncontroller:id/permission_allow_foreground_only_button
criteria is com.android.permissioncontroller:id/permission_allow_foreground_only_button
criteria is com.android.permissioncontroller:id/permission_allow_foreground_only_button
criteria is com.android.permissioncontroller:id/permission_allow_foreground_only_button
criteria is com.android.permissioncontroller:id/permission_allow_foreground_only_button</msg>
<status status="PASS" starttime="20221218 19:22:49.323" endtime="20221218 19:22:52.436"/>
</kw>
<kw name="Click Element" library="AppiumLibrary">
<arg>id=com.android.permissioncontroller:id/permission_allow_foreground_only_button</arg>
<doc>Click element identified by `locator`.</doc>
<msg timestamp="20221218 19:22:52.437" level="INFO">Clicking element 'id=com.android.permissioncontroller:id/permission_allow_foreground_only_button'.</msg>
<msg timestamp="20221218 19:22:52.493" level="INFO">criteria is com.android.permissioncontroller:id/permission_allow_foreground_only_button</msg>
<status status="PASS" starttime="20221218 19:22:52.436" endtime="20221218 19:22:52.493"/>
</kw>
<kw name="Click Element" library="AppiumLibrary">
<arg>id=com.android.permissioncontroller:id/permission_allow_button</arg>
<doc>Click element identified by `locator`.</doc>
<msg timestamp="20221218 19:22:52.495" level="INFO">Clicking element 'id=com.android.permissioncontroller:id/permission_allow_button'.</msg>
<msg timestamp="20221218 19:22:53.562" level="INFO">criteria is com.android.permissioncontroller:id/permission_allow_button</msg>
<status status="PASS" starttime="20221218 19:22:52.494" endtime="20221218 19:22:53.562"/>
</kw>
<status status="PASS" starttime="20221218 19:22:41.127" endtime="20221218 19:22:53.562"/>
</kw>
<kw name="Then The app is accessed successfully" library="actions_productApp">
<kw name="Wait Until Element Is Visible" library="AppiumLibrary">
<arg>${HOME-PAGE}</arg>
<doc>Waits until element specified with `locator` is visible.</doc>
<msg timestamp="20221218 19:22:54.134" level="INFO">xpath criteria: //*[@class='android.widget.TextView']</msg>
<status status="PASS" starttime="20221218 19:22:53.567" endtime="20221218 19:22:54.134"/>
</kw>
<status status="PASS" starttime="20221218 19:22:53.564" endtime="20221218 19:22:54.134"/>
</kw>
<status status="PASS" starttime="20221218 19:22:41.126" endtime="20221218 19:22:54.136"/>
</test>
<test id="s1-s1-s1-t2" name="Scenario: Create a new product registration" line="14">
<kw name="Open Test Application" library="base" type="SETUP">
<kw name="Open Application" library="AppiumLibrary">
<arg>http://localhost:4723/wd/hub</arg>
<arg>platformName=Android</arg>
<arg>deviceName=emulator-5554</arg>
<arg>appPackage=br.com.pztec.estoque</arg>
<arg>appActivity=br.com.pztec.estoque.Inicio</arg>
<arg>automationName=Uiautomator2</arg>
<doc>Opens a new application to given Appium server.
Capabilities of appium server, Android and iOS,
Please check https://github.com/appium/appium/blob/master/docs/en/writing-running-appium/server-args.md
| *Option*            | *Man.* | *Description*     |
| remote_url          | Yes    | Appium server url |
| alias               | no     | alias             |
| strict_ssl          | No     | allows you to send commands to an invalid certificate host like a self-signed one. |</doc>
<status status="PASS" starttime="20221218 19:22:54.138" endtime="20221218 19:23:02.302"/>
</kw>
<kw name="Wait Until Element Is Visible" library="AppiumLibrary">
<arg>id=com.android.permissioncontroller:id/permission_allow_foreground_only_button</arg>
<doc>Waits until element specified with `locator` is visible.</doc>
<msg timestamp="20221218 19:23:05.338" level="INFO">criteria is com.android.permissioncontroller:id/permission_allow_foreground_only_button
criteria is com.android.permissioncontroller:id/permission_allow_foreground_only_button
criteria is com.android.permissioncontroller:id/permission_allow_foreground_only_button
criteria is com.android.permissioncontroller:id/permission_allow_foreground_only_button
criteria is com.android.permissioncontroller:id/permission_allow_foreground_only_button
criteria is com.android.permissioncontroller:id/permission_allow_foreground_only_button</msg>
<status status="PASS" starttime="20221218 19:23:02.302" endtime="20221218 19:23:05.339"/>
</kw>
<kw name="Click Element" library="AppiumLibrary">
<arg>id=com.android.permissioncontroller:id/permission_allow_foreground_only_button</arg>
<doc>Click element identified by `locator`.</doc>
<msg timestamp="20221218 19:23:05.341" level="INFO">Clicking element 'id=com.android.permissioncontroller:id/permission_allow_foreground_only_button'.</msg>
<msg timestamp="20221218 19:23:05.395" level="INFO">criteria is com.android.permissioncontroller:id/permission_allow_foreground_only_button</msg>
<status status="PASS" starttime="20221218 19:23:05.339" endtime="20221218 19:23:05.395"/>
</kw>
<kw name="Click Element" library="AppiumLibrary">
<arg>id=com.android.permissioncontroller:id/permission_allow_button</arg>
<doc>Click element identified by `locator`.</doc>
<msg timestamp="20221218 19:23:05.397" level="INFO">Clicking element 'id=com.android.permissioncontroller:id/permission_allow_button'.</msg>
<msg timestamp="20221218 19:23:06.428" level="INFO">criteria is com.android.permissioncontroller:id/permission_allow_button</msg>
<status status="PASS" starttime="20221218 19:23:05.395" endtime="20221218 19:23:06.430"/>
</kw>
<status status="PASS" starttime="20221218 19:22:54.138" endtime="20221218 19:23:06.430"/>
</kw>
<kw name="When I click on New Button" library="actions_productApp">
<kw name="Click Element" library="AppiumLibrary">
<arg>${NEW_PRODUCT_BUTTON}</arg>
<doc>Click element identified by `locator`.</doc>
<msg timestamp="20221218 19:23:06.435" level="INFO">Clicking element '//android.widget.Button[@resource-id='br.com.pztec.estoque:id/Button1']'.</msg>
<msg timestamp="20221218 19:23:07.314" level="INFO">xpath criteria: //android.widget.Button[@resource-id='br.com.pztec.estoque:id/Button1']</msg>
<status status="PASS" starttime="20221218 19:23:06.434" endtime="20221218 19:23:07.314"/>
</kw>
<status status="PASS" starttime="20221218 19:23:06.431" endtime="20221218 19:23:07.315"/>
</kw>
<kw name="And I fill the form" library="actions_productApp">
<kw name="Input Text" library="AppiumLibrary">
<arg>//*[@resource-id='br.com.pztec.estoque:id/txt_codigo']</arg>
<arg>Test Code Product</arg>
<doc>Types the given `text` into text field identified by `locator`.</doc>
<msg timestamp="20221218 19:23:07.321" level="INFO">Typing text 'Test Code Product' into text field '//*[@resource-id='br.com.pztec.estoque:id/txt_codigo']'</msg>
<msg timestamp="20221218 19:23:08.417" level="INFO">xpath criteria: //*[@resource-id='br.com.pztec.estoque:id/txt_codigo']</msg>
<status status="PASS" starttime="20221218 19:23:07.320" endtime="20221218 19:23:08.417"/>
</kw>
<kw name="Input Text" library="AppiumLibrary">
<arg>//*[@resource-id='br.com.pztec.estoque:id/txt_descricao']</arg>
<arg>Test Description Product</arg>
<doc>Types the given `text` into text field identified by `locator`.</doc>
<msg timestamp="20221218 19:23:08.419" level="INFO">Typing text 'Test Description Product' into text field '//*[@resource-id='br.com.pztec.estoque:id/txt_descricao']'</msg>
<msg timestamp="20221218 19:23:09.197" level="INFO">xpath criteria: //*[@resource-id='br.com.pztec.estoque:id/txt_descricao']</msg>
<status status="PASS" starttime="20221218 19:23:08.418" endtime="20221218 19:23:09.198"/>
</kw>
<kw name="Input Text" library="AppiumLibrary">
<arg>//*[@resource-id='br.com.pztec.estoque:id/txt_quantidade']</arg>
<arg>10</arg>
<doc>Types the given `text` into text field identified by `locator`.</doc>
<msg timestamp="20221218 19:23:09.200" level="INFO">Typing text '10' into text field '//*[@resource-id='br.com.pztec.estoque:id/txt_quantidade']'</msg>
<msg timestamp="20221218 19:23:09.706" level="INFO">xpath criteria: //*[@resource-id='br.com.pztec.estoque:id/txt_quantidade']</msg>
<status status="PASS" starttime="20221218 19:23:09.198" endtime="20221218 19:23:09.706"/>
</kw>
<kw name="Input Text" library="AppiumLibrary">
<arg>//*[@resource-id='br.com.pztec.estoque:id/txt_valunit']</arg>
<arg>10</arg>
<doc>Types the given `text` into text field identified by `locator`.</doc>
<msg timestamp="20221218 19:23:09.708" level="INFO">Typing text '10' into text field '//*[@resource-id='br.com.pztec.estoque:id/txt_valunit']'</msg>
<msg timestamp="20221218 19:23:10.252" level="INFO">xpath criteria: //*[@resource-id='br.com.pztec.estoque:id/txt_valunit']</msg>
<status status="PASS" starttime="20221218 19:23:09.706" endtime="20221218 19:23:10.253"/>
</kw>
<kw name="Input Text" library="AppiumLibrary">
<arg>//*[@resource-id='br.com.pztec.estoque:id/txt_lote']</arg>
<arg>Teste Product</arg>
<doc>Types the given `text` into text field identified by `locator`.</doc>
<msg timestamp="20221218 19:23:10.254" level="INFO">Typing text 'Teste Product' into text field '//*[@resource-id='br.com.pztec.estoque:id/txt_lote']'</msg>
<msg timestamp="20221218 19:23:10.797" level="INFO">xpath criteria: //*[@resource-id='br.com.pztec.estoque:id/txt_lote']</msg>
<status status="PASS" starttime="20221218 19:23:10.253" endtime="20221218 19:23:10.798"/>
</kw>
<status status="PASS" starttime="20221218 19:23:07.317" endtime="20221218 19:23:10.798"/>
</kw>
<kw name="And I click save" library="actions_productApp">
<kw name="Click Element" library="AppiumLibrary">
<arg>${SAVE_PRODUCT}</arg>
<doc>Click element identified by `locator`.</doc>
<msg timestamp="20221218 19:23:10.805" level="INFO">Clicking element 'id=br.com.pztec.estoque:id/btn_gravar_assunto'.</msg>
<msg timestamp="20221218 19:23:11.344" level="INFO">criteria is br.com.pztec.estoque:id/btn_gravar_assunto</msg>
<status status="PASS" starttime="20221218 19:23:10.804" endtime="20221218 19:23:11.345"/>
</kw>
<status status="PASS" starttime="20221218 19:23:10.801" endtime="20221218 19:23:11.345"/>
</kw>
<kw name="Then The system will show the new record created on the home page" library="actions_productApp">
<kw name="Wait Until Element Is Visible" library="AppiumLibrary">
<arg>${PRODUCTS_HOME_PAGE}</arg>
<doc>Waits until element specified with `locator` is visible.</doc>
<msg timestamp="20221218 19:23:13.195" level="INFO">xpath criteria: //android.widget.LinearLayout[@resource-id='br.com.pztec.estoque:id/linha_parte1']
xpath criteria: //android.widget.LinearLayout[@resource-id='br.com.pztec.estoque:id/linha_parte1']</msg>
<status status="PASS" starttime="20221218 19:23:11.352" endtime="20221218 19:23:13.195"/>
</kw>
<kw name="Get Matching Xpath Count" library="AppiumLibrary">
<var>${COUNT_PRODUCTSNEW}</var>
<arg>${PRODUCTS_HOME_PAGE}</arg>
<doc>Returns number of elements matching ``xpath``</doc>
<msg timestamp="20221218 19:23:13.258" level="INFO">xpath criteria: //android.widget.LinearLayout[@resource-id='br.com.pztec.estoque:id/linha_parte1']</msg>
<msg timestamp="20221218 19:23:13.259" level="INFO">${COUNT_PRODUCTSNEW} = 1</msg>
<status status="PASS" starttime="20221218 19:23:13.195" endtime="20221218 19:23:13.259"/>
</kw>
<kw name="Should Be Equal" library="BuiltIn">
<arg>${COUNT_PRODUCTSNEW}</arg>
<arg>1</arg>
<doc>Fails if the given objects are unequal.</doc>
<status status="PASS" starttime="20221218 19:23:13.260" endtime="20221218 19:23:13.261"/>
</kw>
<status status="PASS" starttime="20221218 19:23:11.349" endtime="20221218 19:23:13.261"/>
</kw>
<status status="PASS" starttime="20221218 19:22:54.137" endtime="20221218 19:23:13.264"/>
</test>
<test id="s1-s1-s1-t3" name="Scenario: Validate if when you registre a new product will shows up on home page" line="20">
<kw name="Open Test Application" library="base" type="SETUP">
<kw name="Open Application" library="AppiumLibrary">
<arg>http://localhost:4723/wd/hub</arg>
<arg>platformName=Android</arg>
<arg>deviceName=emulator-5554</arg>
<arg>appPackage=br.com.pztec.estoque</arg>
<arg>appActivity=br.com.pztec.estoque.Inicio</arg>
<arg>automationName=Uiautomator2</arg>
<doc>Opens a new application to given Appium server.
Capabilities of appium server, Android and iOS,
Please check https://github.com/appium/appium/blob/master/docs/en/writing-running-appium/server-args.md
| *Option*            | *Man.* | *Description*     |
| remote_url          | Yes    | Appium server url |
| alias               | no     | alias             |
| strict_ssl          | No     | allows you to send commands to an invalid certificate host like a self-signed one. |</doc>
<status status="PASS" starttime="20221218 19:23:13.266" endtime="20221218 19:23:21.588"/>
</kw>
<kw name="Wait Until Element Is Visible" library="AppiumLibrary">
<arg>id=com.android.permissioncontroller:id/permission_allow_foreground_only_button</arg>
<doc>Waits until element specified with `locator` is visible.</doc>
<msg timestamp="20221218 19:23:24.718" level="INFO">criteria is com.android.permissioncontroller:id/permission_allow_foreground_only_button
criteria is com.android.permissioncontroller:id/permission_allow_foreground_only_button
criteria is com.android.permissioncontroller:id/permission_allow_foreground_only_button
criteria is com.android.permissioncontroller:id/permission_allow_foreground_only_button
criteria is com.android.permissioncontroller:id/permission_allow_foreground_only_button
criteria is com.android.permissioncontroller:id/permission_allow_foreground_only_button</msg>
<status status="PASS" starttime="20221218 19:23:21.588" endtime="20221218 19:23:24.718"/>
</kw>
<kw name="Click Element" library="AppiumLibrary">
<arg>id=com.android.permissioncontroller:id/permission_allow_foreground_only_button</arg>
<doc>Click element identified by `locator`.</doc>
<msg timestamp="20221218 19:23:24.720" level="INFO">Clicking element 'id=com.android.permissioncontroller:id/permission_allow_foreground_only_button'.</msg>
<msg timestamp="20221218 19:23:24.779" level="INFO">criteria is com.android.permissioncontroller:id/permission_allow_foreground_only_button</msg>
<status status="PASS" starttime="20221218 19:23:24.719" endtime="20221218 19:23:24.781"/>
</kw>
<kw name="Click Element" library="AppiumLibrary">
<arg>id=com.android.permissioncontroller:id/permission_allow_button</arg>
<doc>Click element identified by `locator`.</doc>
<msg timestamp="20221218 19:23:24.783" level="INFO">Clicking element 'id=com.android.permissioncontroller:id/permission_allow_button'.</msg>
<msg timestamp="20221218 19:23:25.844" level="INFO">criteria is com.android.permissioncontroller:id/permission_allow_button</msg>
<status status="PASS" starttime="20221218 19:23:24.781" endtime="20221218 19:23:25.844"/>
</kw>
<status status="PASS" starttime="20221218 19:23:13.265" endtime="20221218 19:23:25.844"/>
</kw>
<kw name="When I create a new product" library="actions_productApp">
<kw name="I click on New Button" library="actions_productApp">
<kw name="Click Element" library="AppiumLibrary">
<arg>${NEW_PRODUCT_BUTTON}</arg>
<doc>Click element identified by `locator`.</doc>
<msg timestamp="20221218 19:23:25.851" level="INFO">Clicking element '//android.widget.Button[@resource-id='br.com.pztec.estoque:id/Button1']'.</msg>
<msg timestamp="20221218 19:23:27.768" level="INFO">xpath criteria: //android.widget.Button[@resource-id='br.com.pztec.estoque:id/Button1']</msg>
<status status="PASS" starttime="20221218 19:23:25.849" endtime="20221218 19:23:27.769"/>
</kw>
<status status="PASS" starttime="20221218 19:23:25.848" endtime="20221218 19:23:27.769"/>
</kw>
<kw name="I fill the form" library="actions_productApp">
<kw name="Input Text" library="AppiumLibrary">
<arg>//*[@resource-id='br.com.pztec.estoque:id/txt_codigo']</arg>
<arg>Test Code Product</arg>
<doc>Types the given `text` into text field identified by `locator`.</doc>
<msg timestamp="20221218 19:23:27.771" level="INFO">Typing text 'Test Code Product' into text field '//*[@resource-id='br.com.pztec.estoque:id/txt_codigo']'</msg>
<msg timestamp="20221218 19:23:27.836" level="INFO">xpath criteria: //*[@resource-id='br.com.pztec.estoque:id/txt_codigo']</msg>
<status status="PASS" starttime="20221218 19:23:27.769" endtime="20221218 19:23:27.837"/>
</kw>
<kw name="Input Text" library="AppiumLibrary">
<arg>//*[@resource-id='br.com.pztec.estoque:id/txt_descricao']</arg>
<arg>Test Description Product</arg>
<doc>Types the given `text` into text field identified by `locator`.</doc>
<msg timestamp="20221218 19:23:27.839" level="INFO">Typing text 'Test Description Product' into text field '//*[@resource-id='br.com.pztec.estoque:id/txt_descricao']'</msg>
<msg timestamp="20221218 19:23:28.581" level="INFO">xpath criteria: //*[@resource-id='br.com.pztec.estoque:id/txt_descricao']</msg>
<status status="PASS" starttime="20221218 19:23:27.837" endtime="20221218 19:23:28.582"/>
</kw>
<kw name="Input Text" library="AppiumLibrary">
<arg>//*[@resource-id='br.com.pztec.estoque:id/txt_quantidade']</arg>
<arg>10</arg>
<doc>Types the given `text` into text field identified by `locator`.</doc>
<msg timestamp="20221218 19:23:28.583" level="INFO">Typing text '10' into text field '//*[@resource-id='br.com.pztec.estoque:id/txt_quantidade']'</msg>
<msg timestamp="20221218 19:23:29.135" level="INFO">xpath criteria: //*[@resource-id='br.com.pztec.estoque:id/txt_quantidade']</msg>
<status status="PASS" starttime="20221218 19:23:28.582" endtime="20221218 19:23:29.136"/>
</kw>
<kw name="Input Text" library="AppiumLibrary">
<arg>//*[@resource-id='br.com.pztec.estoque:id/txt_valunit']</arg>
<arg>10</arg>
<doc>Types the given `text` into text field identified by `locator`.</doc>
<msg timestamp="20221218 19:23:29.138" level="INFO">Typing text '10' into text field '//*[@resource-id='br.com.pztec.estoque:id/txt_valunit']'</msg>
<msg timestamp="20221218 19:23:29.668" level="INFO">xpath criteria: //*[@resource-id='br.com.pztec.estoque:id/txt_valunit']</msg>
<status status="PASS" starttime="20221218 19:23:29.136" endtime="20221218 19:23:29.669"/>
</kw>
<kw name="Input Text" library="AppiumLibrary">
<arg>//*[@resource-id='br.com.pztec.estoque:id/txt_lote']</arg>
<arg>Teste Product</arg>
<doc>Types the given `text` into text field identified by `locator`.</doc>
<msg timestamp="20221218 19:23:29.669" level="INFO">Typing text 'Teste Product' into text field '//*[@resource-id='br.com.pztec.estoque:id/txt_lote']'</msg>
<msg timestamp="20221218 19:23:30.210" level="INFO">xpath criteria: //*[@resource-id='br.com.pztec.estoque:id/txt_lote']</msg>
<status status="PASS" starttime="20221218 19:23:29.669" endtime="20221218 19:23:30.212"/>
</kw>
<status status="PASS" starttime="20221218 19:23:27.769" endtime="20221218 19:23:30.212"/>
</kw>
<kw name="I click save" library="actions_productApp">
<kw name="Click Element" library="AppiumLibrary">
<arg>${SAVE_PRODUCT}</arg>
<doc>Click element identified by `locator`.</doc>
<msg timestamp="20221218 19:23:30.214" level="INFO">Clicking element 'id=br.com.pztec.estoque:id/btn_gravar_assunto'.</msg>
<msg timestamp="20221218 19:23:30.743" level="INFO">criteria is br.com.pztec.estoque:id/btn_gravar_assunto</msg>
<status status="PASS" starttime="20221218 19:23:30.213" endtime="20221218 19:23:30.743"/>
</kw>
<status status="PASS" starttime="20221218 19:23:30.212" endtime="20221218 19:23:30.744"/>
</kw>
<status status="PASS" starttime="20221218 19:23:25.845" endtime="20221218 19:23:30.744"/>
</kw>
<kw name="Then The system will show the new record created on the home page" library="actions_productApp">
<kw name="Wait Until Element Is Visible" library="AppiumLibrary">
<arg>${PRODUCTS_HOME_PAGE}</arg>
<doc>Waits until element specified with `locator` is visible.</doc>
<msg timestamp="20221218 19:23:31.944" level="INFO">xpath criteria: //android.widget.LinearLayout[@resource-id='br.com.pztec.estoque:id/linha_parte1']
xpath criteria: //android.widget.LinearLayout[@resource-id='br.com.pztec.estoque:id/linha_parte1']</msg>
<status status="PASS" starttime="20221218 19:23:30.749" endtime="20221218 19:23:31.945"/>
</kw>
<kw name="Get Matching Xpath Count" library="AppiumLibrary">
<var>${COUNT_PRODUCTSNEW}</var>
<arg>${PRODUCTS_HOME_PAGE}</arg>
<doc>Returns number of elements matching ``xpath``</doc>
<msg timestamp="20221218 19:23:31.991" level="INFO">xpath criteria: //android.widget.LinearLayout[@resource-id='br.com.pztec.estoque:id/linha_parte1']</msg>
<msg timestamp="20221218 19:23:31.991" level="INFO">${COUNT_PRODUCTSNEW} = 1</msg>
<status status="PASS" starttime="20221218 19:23:31.945" endtime="20221218 19:23:31.992"/>
</kw>
<kw name="Should Be Equal" library="BuiltIn">
<arg>${COUNT_PRODUCTSNEW}</arg>
<arg>1</arg>
<doc>Fails if the given objects are unequal.</doc>
<status status="PASS" starttime="20221218 19:23:31.992" endtime="20221218 19:23:31.993"/>
</kw>
<status status="PASS" starttime="20221218 19:23:30.746" endtime="20221218 19:23:31.993"/>
</kw>
<kw name="When I create a new product" library="actions_productApp">
<kw name="I click on New Button" library="actions_productApp">
<kw name="Click Element" library="AppiumLibrary">
<arg>${NEW_PRODUCT_BUTTON}</arg>
<doc>Click element identified by `locator`.</doc>
<msg timestamp="20221218 19:23:31.998" level="INFO">Clicking element '//android.widget.Button[@resource-id='br.com.pztec.estoque:id/Button1']'.</msg>
<msg timestamp="20221218 19:23:32.096" level="INFO">xpath criteria: //android.widget.Button[@resource-id='br.com.pztec.estoque:id/Button1']</msg>
<status status="PASS" starttime="20221218 19:23:31.997" endtime="20221218 19:23:32.096"/>
</kw>
<status status="PASS" starttime="20221218 19:23:31.996" endtime="20221218 19:23:32.096"/>
</kw>
<kw name="I fill the form" library="actions_productApp">
<kw name="Input Text" library="AppiumLibrary">
<arg>//*[@resource-id='br.com.pztec.estoque:id/txt_codigo']</arg>
<arg>Test Code Product</arg>
<doc>Types the given `text` into text field identified by `locator`.</doc>
<msg timestamp="20221218 19:23:32.099" level="INFO">Typing text 'Test Code Product' into text field '//*[@resource-id='br.com.pztec.estoque:id/txt_codigo']'</msg>
<msg timestamp="20221218 19:23:33.254" level="INFO">xpath criteria: //*[@resource-id='br.com.pztec.estoque:id/txt_codigo']</msg>
<status status="PASS" starttime="20221218 19:23:32.097" endtime="20221218 19:23:33.254"/>
</kw>
<kw name="Input Text" library="AppiumLibrary">
<arg>//*[@resource-id='br.com.pztec.estoque:id/txt_descricao']</arg>
<arg>Test Description Product</arg>
<doc>Types the given `text` into text field identified by `locator`.</doc>
<msg timestamp="20221218 19:23:33.257" level="INFO">Typing text 'Test Description Product' into text field '//*[@resource-id='br.com.pztec.estoque:id/txt_descricao']'</msg>
<msg timestamp="20221218 19:23:34.007" level="INFO">xpath criteria: //*[@resource-id='br.com.pztec.estoque:id/txt_descricao']</msg>
<status status="PASS" starttime="20221218 19:23:33.255" endtime="20221218 19:23:34.007"/>
</kw>
<kw name="Input Text" library="AppiumLibrary">
<arg>//*[@resource-id='br.com.pztec.estoque:id/txt_quantidade']</arg>
<arg>10</arg>
<doc>Types the given `text` into text field identified by `locator`.</doc>
<msg timestamp="20221218 19:23:34.009" level="INFO">Typing text '10' into text field '//*[@resource-id='br.com.pztec.estoque:id/txt_quantidade']'</msg>
<msg timestamp="20221218 19:23:34.543" level="INFO">xpath criteria: //*[@resource-id='br.com.pztec.estoque:id/txt_quantidade']</msg>
<status status="PASS" starttime="20221218 19:23:34.008" endtime="20221218 19:23:34.543"/>
</kw>
<kw name="Input Text" library="AppiumLibrary">
<arg>//*[@resource-id='br.com.pztec.estoque:id/txt_valunit']</arg>
<arg>10</arg>
<doc>Types the given `text` into text field identified by `locator`.</doc>
<msg timestamp="20221218 19:23:34.544" level="INFO">Typing text '10' into text field '//*[@resource-id='br.com.pztec.estoque:id/txt_valunit']'</msg>
<msg timestamp="20221218 19:23:35.049" level="INFO">xpath criteria: //*[@resource-id='br.com.pztec.estoque:id/txt_valunit']</msg>
<status status="PASS" starttime="20221218 19:23:34.544" endtime="20221218 19:23:35.049"/>
</kw>
<kw name="Input Text" library="AppiumLibrary">
<arg>//*[@resource-id='br.com.pztec.estoque:id/txt_lote']</arg>
<arg>Teste Product</arg>
<doc>Types the given `text` into text field identified by `locator`.</doc>
<msg timestamp="20221218 19:23:35.050" level="INFO">Typing text 'Teste Product' into text field '//*[@resource-id='br.com.pztec.estoque:id/txt_lote']'</msg>
<msg timestamp="20221218 19:23:35.588" level="INFO">xpath criteria: //*[@resource-id='br.com.pztec.estoque:id/txt_lote']</msg>
<status status="PASS" starttime="20221218 19:23:35.049" endtime="20221218 19:23:35.588"/>
</kw>
<status status="PASS" starttime="20221218 19:23:32.097" endtime="20221218 19:23:35.589"/>
</kw>
<kw name="I click save" library="actions_productApp">
<kw name="Click Element" library="AppiumLibrary">
<arg>${SAVE_PRODUCT}</arg>
<doc>Click element identified by `locator`.</doc>
<msg timestamp="20221218 19:23:35.591" level="INFO">Clicking element 'id=br.com.pztec.estoque:id/btn_gravar_assunto'.</msg>
<msg timestamp="20221218 19:23:36.145" level="INFO">criteria is br.com.pztec.estoque:id/btn_gravar_assunto</msg>
<status status="PASS" starttime="20221218 19:23:35.589" endtime="20221218 19:23:36.146"/>
</kw>
<status status="PASS" starttime="20221218 19:23:35.589" endtime="20221218 19:23:36.146"/>
</kw>
<status status="PASS" starttime="20221218 19:23:31.994" endtime="20221218 19:23:36.146"/>
</kw>
<kw name="Then The system will show the second new record created on the home page" library="actions_productApp">
<kw name="Get Matching Xpath Count" library="AppiumLibrary">
<var>${COUNT_PRODUCTSNEW}</var>
<arg>${PRODUCTS_HOME_PAGE}</arg>
<doc>Returns number of elements matching ``xpath``</doc>
<msg timestamp="20221218 19:23:36.234" level="INFO">xpath criteria: //android.widget.LinearLayout[@resource-id='br.com.pztec.estoque:id/linha_parte1']</msg>
<msg timestamp="20221218 19:23:36.235" level="INFO">${COUNT_PRODUCTSNEW} = 0</msg>
<status status="PASS" starttime="20221218 19:23:36.150" endtime="20221218 19:23:36.235"/>
</kw>
<kw name="Should Be Equal" library="BuiltIn">
<arg>${COUNT_PRODUCTSNEW}</arg>
<arg>2</arg>
<doc>Fails if the given objects are unequal.</doc>
<msg timestamp="20221218 19:23:36.237" level="FAIL">0 != 2</msg>
<status status="FAIL" starttime="20221218 19:23:36.236" endtime="20221218 19:23:36.237"/>
</kw>
<status status="FAIL" starttime="20221218 19:23:36.148" endtime="20221218 19:23:36.238"/>
</kw>
<status status="FAIL" starttime="20221218 19:23:13.265" endtime="20221218 19:23:36.243">0 != 2</status>
</test>
<status status="FAIL" starttime="20221218 19:22:40.965" endtime="20221218 19:23:36.244"/>
</suite>
<status status="FAIL" starttime="20221218 19:22:40.964" endtime="20221218 19:23:36.246"/>
</suite>
<status status="FAIL" starttime="20221218 19:22:40.944" endtime="20221218 19:23:36.249"/>
</suite>
<statistics>
<total>
<stat pass="2" fail="1" skip="0">All Tests</stat>
</total>
<tag>
</tag>
<suite>
<stat pass="2" fail="1" skip="0" id="s1" name="Mobile Challenge">Mobile Challenge</stat>
<stat pass="2" fail="1" skip="0" id="s1-s1" name="Features">Mobile Challenge.Features</stat>
<stat pass="2" fail="1" skip="0" id="s1-s1-s1" name="ProductApp">Mobile Challenge.Features.ProductApp</stat>
</suite>
</statistics>
<errors>
</errors>
</robot>
